<?xml version="1.0" encoding="UTF-8"?>
<robot generator="Robot 4.1 (Python 3.9.6 on win32)" generated="20210826 08:00:24.074" rpa="false" schemaversion="2">
<suite id="s1" name="TestSuite1" source="C:\Users\jcdeguzman\IdeaProjects\RobotFWTest\src\test\robotframework\sample\TestSuite1.robot">
<test id="s1-t1" name="MyFirstTest">
<kw name="Log" library="BuiltIn">
<arg>Hello First World...</arg>
<doc>Logs the given message with the given level.</doc>
<msg timestamp="20210826 08:00:24.374" level="INFO">Hello First World...</msg>
<status status="PASS" starttime="20210826 08:00:24.374" endtime="20210826 08:00:24.374"/>
</kw>
<tag>HelloWorld</tag>
<tag>MyFirstTest</tag>
<status status="PASS" starttime="20210826 08:00:24.373" endtime="20210826 08:00:24.375"/>
</test>
<test id="s1-t2" name="MySecondTest">
<kw name="Log" library="BuiltIn">
<arg>Hello Second World...</arg>
<doc>Logs the given message with the given level.</doc>
<msg timestamp="20210826 08:00:24.377" level="INFO">Hello Second World...</msg>
<status status="PASS" starttime="20210826 08:00:24.376" endtime="20210826 08:00:24.377"/>
</kw>
<tag>HelloWorld</tag>
<tag>MySecondTest</tag>
<status status="PASS" starttime="20210826 08:00:24.376" endtime="20210826 08:00:24.377"/>
</test>
<test id="s1-t3" name="MyThirdTest">
<kw name="Log" library="BuiltIn">
<arg>Hi Third World!</arg>
<doc>Logs the given message with the given level.</doc>
<msg timestamp="20210826 08:00:24.379" level="INFO">Hi Third World!</msg>
<status status="PASS" starttime="20210826 08:00:24.379" endtime="20210826 08:00:24.379"/>
</kw>
<tag>HiThirdWorld</tag>
<tag>HiWorld</tag>
<status status="PASS" starttime="20210826 08:00:24.378" endtime="20210826 08:00:24.379"/>
</test>
<test id="s1-t4" name="ThirdPartySiteSample">
<kw name="Open Browser" library="SeleniumLibrary">
<arg>https://demo.nopcommerce.com/</arg>
<arg>chrome</arg>
<arg>options=add_argument("start-maximized");add_argument("disable-infobars");add_argument("--disable-extensions");add_argument("--disable-gpu");add_argument("--disable-dev-shm-usage");add_argument("--no-sandbox")</arg>
<doc>Opens a new browser instance to the optional ``url``.</doc>
<msg timestamp="20210826 08:00:24.381" level="INFO">Opening browser 'chrome' to base url 'https://demo.nopcommerce.com/'.</msg>
<status status="PASS" starttime="20210826 08:00:24.380" endtime="20210826 08:00:28.249"/>
</kw>
<kw name="Click Link" library="SeleniumLibrary">
<arg>xpath://a[@class='ico-login']</arg>
<doc>Clicks a link identified by ``locator``.</doc>
<msg timestamp="20210826 08:00:28.252" level="INFO">Clicking link 'xpath://a[@class='ico-login']'.</msg>
<status status="PASS" starttime="20210826 08:00:28.252" endtime="20210826 08:00:29.121"/>
</kw>
<kw name="Input Text" library="SeleniumLibrary">
<arg>id:Email</arg>
<arg>pavanoltraining@gmail.com</arg>
<doc>Types the given ``text`` into the text field identified by ``locator``.</doc>
<msg timestamp="20210826 08:00:29.122" level="INFO">Typing text 'pavanoltraining@gmail.com' into text field 'id:Email'.</msg>
<status status="PASS" starttime="20210826 08:00:29.122" endtime="20210826 08:00:29.216"/>
</kw>
<kw name="Input Text" library="SeleniumLibrary">
<arg>id:Password</arg>
<arg>Test@123</arg>
<doc>Types the given ``text`` into the text field identified by ``locator``.</doc>
<msg timestamp="20210826 08:00:29.217" level="INFO">Typing text 'Test@123' into text field 'id:Password'.</msg>
<status status="PASS" starttime="20210826 08:00:29.217" endtime="20210826 08:00:29.327"/>
</kw>
<kw name="Close Browser" library="SeleniumLibrary">
<doc>Closes the current browser.</doc>
<status status="PASS" starttime="20210826 08:00:29.328" endtime="20210826 08:00:31.607"/>
</kw>
<status status="PASS" starttime="20210826 08:00:24.380" endtime="20210826 08:00:31.607"/>
</test>
<test id="s1-t5" name="VisitGoogleChrome">
<kw name="Open Browser" library="SeleniumLibrary">
<arg>${url}</arg>
<arg>chrome</arg>
<doc>Opens a new browser instance to the optional ``url``.</doc>
<msg timestamp="20210826 08:00:31.610" level="INFO">Opening browser 'chrome' to base url 'https://portal.tst1.bookwana.com/au/auth'.</msg>
<status status="PASS" starttime="20210826 08:00:31.609" endtime="20210826 08:00:36.606"/>
</kw>
<kw name="Headless browser process">
<kw name="Get Title" library="SeleniumLibrary">
<var>${title}</var>
<doc>Returns the title of the current page.</doc>
<msg timestamp="20210826 08:00:36.611" level="INFO">${title} = Log in | TryBooking Australia</msg>
<status status="PASS" starttime="20210826 08:00:36.607" endtime="20210826 08:00:36.611"/>
</kw>
<kw name="Set Variable" library="BuiltIn">
<var>${expected}</var>
<arg>Log in | TryBooking Australia</arg>
<doc>Returns the given values which can then be assigned to a variables.</doc>
<msg timestamp="20210826 08:00:36.611" level="INFO">${expected} = Log in | TryBooking Australia</msg>
<status status="PASS" starttime="20210826 08:00:36.611" endtime="20210826 08:00:36.611"/>
</kw>
<kw name="Should Be Equal As Strings" library="BuiltIn">
<arg>${title}</arg>
<arg>${expected}</arg>
<doc>Fails if objects are unequal after converting them to strings.</doc>
<status status="PASS" starttime="20210826 08:00:36.611" endtime="20210826 08:00:36.612"/>
</kw>
<kw name="Log" library="BuiltIn">
<arg>${title}</arg>
<doc>Logs the given message with the given level.</doc>
<msg timestamp="20210826 08:00:36.612" level="INFO">Log in | TryBooking Australia</msg>
<status status="PASS" starttime="20210826 08:00:36.612" endtime="20210826 08:00:36.612"/>
</kw>
<status status="PASS" starttime="20210826 08:00:36.607" endtime="20210826 08:00:36.612"/>
</kw>
<kw name="Close Browser" library="SeleniumLibrary">
<doc>Closes the current browser.</doc>
<status status="PASS" starttime="20210826 08:00:36.612" endtime="20210826 08:00:38.847"/>
</kw>
<tag>HeadlessBrowserTest</tag>
<status status="PASS" starttime="20210826 08:00:31.608" endtime="20210826 08:00:38.847"/>
</test>
<test id="s1-t6" name="VisitGoogleHeadlessChrome">
<kw name="Open Browser" library="SeleniumLibrary">
<arg>${url}</arg>
<arg>headlesschrome</arg>
<doc>Opens a new browser instance to the optional ``url``.</doc>
<msg timestamp="20210826 08:00:38.850" level="INFO">Opening browser 'headlesschrome' to base url 'https://portal.tst1.bookwana.com/au/auth'.</msg>
<status status="PASS" starttime="20210826 08:00:38.849" endtime="20210826 08:00:43.025"/>
</kw>
<kw name="Headless browser process">
<kw name="Get Title" library="SeleniumLibrary">
<var>${title}</var>
<doc>Returns the title of the current page.</doc>
<msg timestamp="20210826 08:00:43.030" level="INFO">${title} = Log in | TryBooking Australia</msg>
<status status="PASS" starttime="20210826 08:00:43.026" endtime="20210826 08:00:43.030"/>
</kw>
<kw name="Set Variable" library="BuiltIn">
<var>${expected}</var>
<arg>Log in | TryBooking Australia</arg>
<doc>Returns the given values which can then be assigned to a variables.</doc>
<msg timestamp="20210826 08:00:43.030" level="INFO">${expected} = Log in | TryBooking Australia</msg>
<status status="PASS" starttime="20210826 08:00:43.030" endtime="20210826 08:00:43.030"/>
</kw>
<kw name="Should Be Equal As Strings" library="BuiltIn">
<arg>${title}</arg>
<arg>${expected}</arg>
<doc>Fails if objects are unequal after converting them to strings.</doc>
<status status="PASS" starttime="20210826 08:00:43.030" endtime="20210826 08:00:43.031"/>
</kw>
<kw name="Log" library="BuiltIn">
<arg>${title}</arg>
<doc>Logs the given message with the given level.</doc>
<msg timestamp="20210826 08:00:43.031" level="INFO">Log in | TryBooking Australia</msg>
<status status="PASS" starttime="20210826 08:00:43.031" endtime="20210826 08:00:43.031"/>
</kw>
<status status="PASS" starttime="20210826 08:00:43.025" endtime="20210826 08:00:43.031"/>
</kw>
<kw name="Close Browser" library="SeleniumLibrary">
<doc>Closes the current browser.</doc>
<status status="PASS" starttime="20210826 08:00:43.031" endtime="20210826 08:00:45.077"/>
</kw>
<tag>HeadlessBrowserTest</tag>
<status status="PASS" starttime="20210826 08:00:38.849" endtime="20210826 08:00:45.077"/>
</test>
<test id="s1-t7" name="VisitGoogleHeadlessFirefox">
<kw name="Open Browser" library="SeleniumLibrary">
<arg>${url}</arg>
<arg>headlessfirefox</arg>
<doc>Opens a new browser instance to the optional ``url``.</doc>
<msg timestamp="20210826 08:00:45.080" level="INFO">Opening browser 'headlessfirefox' to base url 'https://portal.tst1.bookwana.com/au/auth'.</msg>
<msg timestamp="20210826 08:00:45.082" level="INFO">Firefox driver log is always forced to to: C:\Users\jcdeguzman\IdeaProjects\RobotFWTest\geckodriver-19.log</msg>
<status status="PASS" starttime="20210826 08:00:45.080" endtime="20210826 08:00:55.238"/>
</kw>
<kw name="Headless browser process">
<kw name="Get Title" library="SeleniumLibrary">
<var>${title}</var>
<doc>Returns the title of the current page.</doc>
<msg timestamp="20210826 08:00:55.245" level="INFO">${title} = Log in | TryBooking Australia</msg>
<status status="PASS" starttime="20210826 08:00:55.239" endtime="20210826 08:00:55.245"/>
</kw>
<kw name="Set Variable" library="BuiltIn">
<var>${expected}</var>
<arg>Log in | TryBooking Australia</arg>
<doc>Returns the given values which can then be assigned to a variables.</doc>
<msg timestamp="20210826 08:00:55.246" level="INFO">${expected} = Log in | TryBooking Australia</msg>
<status status="PASS" starttime="20210826 08:00:55.245" endtime="20210826 08:00:55.246"/>
</kw>
<kw name="Should Be Equal As Strings" library="BuiltIn">
<arg>${title}</arg>
<arg>${expected}</arg>
<doc>Fails if objects are unequal after converting them to strings.</doc>
<status status="PASS" starttime="20210826 08:00:55.246" endtime="20210826 08:00:55.246"/>
</kw>
<kw name="Log" library="BuiltIn">
<arg>${title}</arg>
<doc>Logs the given message with the given level.</doc>
<msg timestamp="20210826 08:00:55.246" level="INFO">Log in | TryBooking Australia</msg>
<status status="PASS" starttime="20210826 08:00:55.246" endtime="20210826 08:00:55.246"/>
</kw>
<status status="PASS" starttime="20210826 08:00:55.239" endtime="20210826 08:00:55.247"/>
</kw>
<kw name="Close Browser" library="SeleniumLibrary">
<doc>Closes the current browser.</doc>
<status status="PASS" starttime="20210826 08:00:55.247" endtime="20210826 08:00:55.924"/>
</kw>
<tag>HeadlessBrowserTest</tag>
<status status="PASS" starttime="20210826 08:00:45.079" endtime="20210826 08:00:55.924"/>
</test>
<test id="s1-t8" name="LoginChrome">
<kw name="Open Browser" library="SeleniumLibrary">
<arg>${url}</arg>
<arg>chrome</arg>
<doc>Opens a new browser instance to the optional ``url``.</doc>
<msg timestamp="20210826 08:00:55.926" level="INFO">Opening browser 'chrome' to base url 'https://portal.tst1.bookwana.com/au/auth'.</msg>
<status status="PASS" starttime="20210826 08:00:55.926" endtime="20210826 08:01:01.030"/>
</kw>
<kw name="Login process">
<kw name="Input Text" library="SeleniumLibrary">
<arg>id:Username</arg>
<arg>justin@bookwana.com</arg>
<doc>Types the given ``text`` into the text field identified by ``locator``.</doc>
<msg timestamp="20210826 08:01:01.064" level="INFO">Typing text 'justin@bookwana.com' into text field 'id:Username'.</msg>
<status status="PASS" starttime="20210826 08:01:01.064" endtime="20210826 08:01:01.416"/>
</kw>
<kw name="Input Text" library="SeleniumLibrary">
<arg>id:Password</arg>
<arg>1password</arg>
<doc>Types the given ``text`` into the text field identified by ``locator``.</doc>
<msg timestamp="20210826 08:01:01.417" level="INFO">Typing text '1password' into text field 'id:Password'.</msg>
<status status="PASS" starttime="20210826 08:01:01.416" endtime="20210826 08:01:02.038"/>
</kw>
<kw name="Press Keys" library="SeleniumLibrary">
<arg>id:Password</arg>
<arg>ENTER</arg>
<doc>Simulates the user pressing key(s) to an element or on the active browser.</doc>
<msg timestamp="20210826 08:01:02.039" level="INFO">Sending key(s) ('ENTER',) to id:Password element.</msg>
<msg timestamp="20210826 08:01:02.564" level="INFO">Pressing special key ENTER to element.</msg>
<msg timestamp="20210826 08:01:02.564" level="INFO">Releasing special key ENTER.</msg>
<status status="PASS" starttime="20210826 08:01:02.038" endtime="20210826 08:01:03.197"/>
</kw>
<kw name="Wait Until Page Contains" library="SeleniumLibrary">
<arg>Justin_Test</arg>
<doc>Waits until ``text`` appears on the current page.</doc>
<kw name="Capture Page Screenshot" library="SeleniumLibrary">
<doc>Takes a screenshot of the current page and embeds it into a log file.</doc>
<msg timestamp="20210826 08:01:03.237" level="FAIL">NoSuchWindowException: Message: no such window: target window already closed
from unknown error: web view not found
  (Session info: chrome=92.0.4515.159)
</msg>
<status status="FAIL" starttime="20210826 08:01:03.200" endtime="20210826 08:01:03.237"/>
</kw>
<msg timestamp="20210826 08:01:03.237" level="WARN">Keyword 'Capture Page Screenshot' could not be run on failure: NoSuchWindowException: Message: no such window: target window already closed
from unknown error: web view not found
  (Session info: chrome=92.0.4515.159)
</msg>
<msg timestamp="20210826 08:01:03.255" level="FAIL">NoSuchWindowException: Message: no such window: target window already closed
from unknown error: web view not found
  (Session info: chrome=92.0.4515.159)
</msg>
<status status="FAIL" starttime="20210826 08:01:03.197" endtime="20210826 08:01:03.256"/>
</kw>
<status status="FAIL" starttime="20210826 08:01:01.063" endtime="20210826 08:01:03.257"/>
</kw>
<kw name="Close Browser" library="SeleniumLibrary">
<doc>Closes the current browser.</doc>
<status status="NOT RUN" starttime="20210826 08:01:03.264" endtime="20210826 08:01:03.264"/>
</kw>
<tag>LoginBrowserTest</tag>
<status status="FAIL" starttime="20210826 08:00:55.925" endtime="20210826 08:01:03.265">NoSuchWindowException: Message: no such window: target window already closed
from unknown error: web view not found
  (Session info: chrome=92.0.4515.159)
</status>
</test>
<test id="s1-t9" name="LoginHeadlessChrome">
<kw name="Open Browser" library="SeleniumLibrary">
<arg>${url}</arg>
<arg>headlesschrome</arg>
<doc>Opens a new browser instance to the optional ``url``.</doc>
<msg timestamp="20210826 08:01:03.267" level="INFO">Opening browser 'headlesschrome' to base url 'https://portal.tst1.bookwana.com/au/auth'.</msg>
<status status="PASS" starttime="20210826 08:01:03.267" endtime="20210826 08:01:13.267"/>
</kw>
<kw name="Login process">
<kw name="Input Text" library="SeleniumLibrary">
<arg>id:Username</arg>
<arg>justin@bookwana.com</arg>
<doc>Types the given ``text`` into the text field identified by ``locator``.</doc>
<msg timestamp="20210826 08:01:13.277" level="INFO">Typing text 'justin@bookwana.com' into text field 'id:Username'.</msg>
<status status="PASS" starttime="20210826 08:01:13.276" endtime="20210826 08:01:14.244"/>
</kw>
<kw name="Input Text" library="SeleniumLibrary">
<arg>id:Password</arg>
<arg>1password</arg>
<doc>Types the given ``text`` into the text field identified by ``locator``.</doc>
<msg timestamp="20210826 08:01:14.244" level="INFO">Typing text '1password' into text field 'id:Password'.</msg>
<status status="PASS" starttime="20210826 08:01:14.244" endtime="20210826 08:01:14.597"/>
</kw>
<kw name="Press Keys" library="SeleniumLibrary">
<arg>id:Password</arg>
<arg>ENTER</arg>
<doc>Simulates the user pressing key(s) to an element or on the active browser.</doc>
<msg timestamp="20210826 08:01:14.597" level="INFO">Sending key(s) ('ENTER',) to id:Password element.</msg>
<msg timestamp="20210826 08:01:14.996" level="INFO">Pressing special key ENTER to element.</msg>
<msg timestamp="20210826 08:01:14.996" level="INFO">Releasing special key ENTER.</msg>
<status status="PASS" starttime="20210826 08:01:14.597" endtime="20210826 08:01:15.939"/>
</kw>
<kw name="Wait Until Page Contains" library="SeleniumLibrary">
<arg>Justin_Test</arg>
<doc>Waits until ``text`` appears on the current page.</doc>
<status status="PASS" starttime="20210826 08:01:15.939" endtime="20210826 08:01:15.956"/>
</kw>
<status status="PASS" starttime="20210826 08:01:13.276" endtime="20210826 08:01:15.957"/>
</kw>
<kw name="Close Browser" library="SeleniumLibrary">
<doc>Closes the current browser.</doc>
<status status="PASS" starttime="20210826 08:01:15.957" endtime="20210826 08:01:18.144"/>
</kw>
<tag>LoginBrowserTest</tag>
<status status="PASS" starttime="20210826 08:01:03.266" endtime="20210826 08:01:18.195"/>
</test>
<test id="s1-t10" name="LoginHeadlessFirefox">
<kw name="Open Browser" library="SeleniumLibrary">
<arg>${url}</arg>
<arg>headlessfirefox</arg>
<doc>Opens a new browser instance to the optional ``url``.</doc>
<msg timestamp="20210826 08:01:18.257" level="INFO">Opening browser 'headlessfirefox' to base url 'https://portal.tst1.bookwana.com/au/auth'.</msg>
<msg timestamp="20210826 08:01:18.263" level="INFO">Firefox driver log is always forced to to: C:\Users\jcdeguzman\IdeaProjects\RobotFWTest\geckodriver-20.log</msg>
<status status="PASS" starttime="20210826 08:01:18.257" endtime="20210826 08:01:30.355"/>
</kw>
<kw name="Login process">
<kw name="Input Text" library="SeleniumLibrary">
<arg>id:Username</arg>
<arg>justin@bookwana.com</arg>
<doc>Types the given ``text`` into the text field identified by ``locator``.</doc>
<msg timestamp="20210826 08:01:30.358" level="INFO">Typing text 'justin@bookwana.com' into text field 'id:Username'.</msg>
<status status="PASS" starttime="20210826 08:01:30.358" endtime="20210826 08:01:30.480"/>
</kw>
<kw name="Input Text" library="SeleniumLibrary">
<arg>id:Password</arg>
<arg>1password</arg>
<doc>Types the given ``text`` into the text field identified by ``locator``.</doc>
<msg timestamp="20210826 08:01:30.481" level="INFO">Typing text '1password' into text field 'id:Password'.</msg>
<status status="PASS" starttime="20210826 08:01:30.480" endtime="20210826 08:01:30.574"/>
</kw>
<kw name="Press Keys" library="SeleniumLibrary">
<arg>id:Password</arg>
<arg>ENTER</arg>
<doc>Simulates the user pressing key(s) to an element or on the active browser.</doc>
<msg timestamp="20210826 08:01:30.574" level="INFO">Sending key(s) ('ENTER',) to id:Password element.</msg>
<msg timestamp="20210826 08:01:30.863" level="INFO">Pressing special key ENTER to element.</msg>
<msg timestamp="20210826 08:01:30.863" level="INFO">Releasing special key ENTER.</msg>
<status status="PASS" starttime="20210826 08:01:30.574" endtime="20210826 08:01:30.892"/>
</kw>
<kw name="Wait Until Page Contains" library="SeleniumLibrary">
<arg>Justin_Test</arg>
<doc>Waits until ``text`` appears on the current page.</doc>
<status status="PASS" starttime="20210826 08:01:30.892" endtime="20210826 08:01:32.550"/>
</kw>
<status status="PASS" starttime="20210826 08:01:30.357" endtime="20210826 08:01:32.550"/>
</kw>
<kw name="Close Browser" library="SeleniumLibrary">
<doc>Closes the current browser.</doc>
<status status="PASS" starttime="20210826 08:01:32.552" endtime="20210826 08:01:33.917"/>
</kw>
<tag>LoginBrowserTest</tag>
<status status="PASS" starttime="20210826 08:01:18.255" endtime="20210826 08:01:33.923"/>
</test>
<doc>Suite description</doc>
<status status="FAIL" starttime="20210826 08:00:24.076" endtime="20210826 08:01:33.925"/>
</suite>
<statistics>
<total>
<stat pass="9" fail="1" skip="0">All Tests</stat>
</total>
<tag>
<stat pass="3" fail="0" skip="0">HeadlessBrowserTest</stat>
<stat pass="2" fail="0" skip="0">HelloWorld</stat>
<stat pass="1" fail="0" skip="0">HiThirdWorld</stat>
<stat pass="1" fail="0" skip="0">HiWorld</stat>
<stat pass="2" fail="1" skip="0">LoginBrowserTest</stat>
<stat pass="1" fail="0" skip="0">MyFirstTest</stat>
<stat pass="1" fail="0" skip="0">MySecondTest</stat>
</tag>
<suite>
<stat pass="9" fail="1" skip="0" id="s1" name="TestSuite1">TestSuite1</stat>
</suite>
</statistics>
<errors>
<msg timestamp="20210826 08:01:03.237" level="WARN">Keyword 'Capture Page Screenshot' could not be run on failure: NoSuchWindowException: Message: no such window: target window already closed
from unknown error: web view not found
  (Session info: chrome=92.0.4515.159)
</msg>
</errors>
</robot>
